WARNING:django.request:Not Found: /posto/11/seleciona_dados/static/js/ie-emulation-modes-warning.js
WARNING:django.request:Not Found: /posto/assets/js/ie10-viewport-bug-workaround.js
WARNING:django.request:Not Found: /posto/dist/js/bootstrap.min.js
WARNING:django.request:Not Found: /posto/dist/js/bootstrap.min.js
WARNING:django.request:Not Found: /posto/assets/js/ie10-viewport-bug-workaround.js
INFO:ecohydro.views:##########################################



12.0



##########################################
WARNING:django.request:Not Found: /posto/11/seleciona_dados/static/js/ie-emulation-modes-warning.js
WARNING:django.request:Not Found: /posto/assets/js/ie10-viewport-bug-workaround.js
WARNING:django.request:Not Found: /posto/dist/js/bootstrap.min.js
WARNING:django.request:Not Found: /posto/assets/js/ie10-viewport-bug-workaround.js
WARNING:django.request:Not Found: /series/
WARNING:django.request:Not Found: /dist/js/bootstrap.min.js
WARNING:django.request:Not Found: /assets/js/ie10-viewport-bug-workaround.js
WARNING:django.request:Not Found: /postos/novo/static/js/ie-emulation-modes-warning.js
WARNING:django.request:Not Found: /dist/js/bootstrap.min.js
WARNING:django.request:Not Found: /assets/js/ie10-viewport-bug-workaround.js
WARNING:django.request:Not Found: /dist/js/bootstrap.min.js
WARNING:django.request:Not Found: /assets/js/ie10-viewport-bug-workaround.js
WARNING:django.request:Not Found: /posto/static/js/ie-emulation-modes-warning.js
WARNING:django.request:Not Found: /dist/js/bootstrap.min.js
WARNING:django.request:Not Found: /assets/js/ie10-viewport-bug-workaround.js
WARNING:django.request:Not Found: /posto//curva_chave.png
WARNING:django.request:Not Found: /posto/static/js/ie-emulation-modes-warning.js
WARNING:django.request:Not Found: /dist/js/bootstrap.min.js
WARNING:django.request:Not Found: /posto//curva_chave.png
WARNING:django.request:Not Found: /assets/js/ie10-viewport-bug-workaround.js
WARNING:django.request:Not Found: /posto/10/seleciona_dados/static/js/ie-emulation-modes-warning.js
WARNING:django.request:Not Found: /posto/dist/js/bootstrap.min.js
WARNING:django.request:Not Found: /posto/assets/js/ie10-viewport-bug-workaround.js
WARNING:django.request:Not Found: /posto/dist/js/bootstrap.min.js
WARNING:django.request:Not Found: /posto/assets/js/ie10-viewport-bug-workaround.js
WARNING:django.request:Not Found: /series/
WARNING:django.request:Not Found: /dist/js/bootstrap.min.js
WARNING:django.request:Not Found: /assets/js/ie10-viewport-bug-workaround.js
WARNING:django.request:Not Found: /posto/static/js/ie-emulation-modes-warning.js
WARNING:django.request:Not Found: /dist/js/bootstrap.min.js
WARNING:django.request:Not Found: /assets/js/ie10-viewport-bug-workaround.js
WARNING:django.request:Not Found: /posto//curva_chave.png
WARNING:django.request:Not Found: /posto/11/seleciona_dados/static/js/ie-emulation-modes-warning.js
WARNING:django.request:Not Found: /posto/dist/js/bootstrap.min.js
WARNING:django.request:Not Found: /posto/assets/js/ie10-viewport-bug-workaround.js
WARNING:django.request:Not Found: /posto/dist/js/bootstrap.min.js
WARNING:django.request:Not Found: /posto/assets/js/ie10-viewport-bug-workaround.js
INFO:ecohydro.views:##########################################



12.0



##########################################
WARNING:django.request:Not Found: /posto/11/seleciona_dados/static/js/ie-emulation-modes-warning.js
WARNING:django.request:Not Found: /posto/dist/js/bootstrap.min.js
WARNING:django.request:Not Found: /posto/assets/js/ie10-viewport-bug-workaround.js
INFO:ecohydro.views:##########################################



12.0



##########################################
WARNING:django.request:Not Found: /posto/dist/js/bootstrap.min.js
WARNING:django.request:Not Found: /posto/11/seleciona_dados/static/js/ie-emulation-modes-warning.js
WARNING:django.request:Not Found: /posto/assets/js/ie10-viewport-bug-workaround.js
WARNING:django.request:Not Found: /posto/dist/js/bootstrap.min.js
WARNING:django.request:Not Found: /posto/assets/js/ie10-viewport-bug-workaround.js
WARNING:django.request:Not Found: /series/
WARNING:django.request:Not Found: /assets/js/ie10-viewport-bug-workaround.js
WARNING:django.request:Not Found: /dist/js/bootstrap.min.js
WARNING:django.request:Not Found: /assets/js/ie10-viewport-bug-workaround.js
WARNING:django.request:Not Found: /posto/static/js/ie-emulation-modes-warning.js
WARNING:django.request:Not Found: /dist/js/bootstrap.min.js
WARNING:django.request:Not Found: /assets/js/ie10-viewport-bug-workaround.js
WARNING:django.request:Not Found: /posto//curva_chave.png
WARNING:django.request:Not Found: /posto/static/js/ie-emulation-modes-warning.js
WARNING:django.request:Not Found: /dist/js/bootstrap.min.js
WARNING:django.request:Not Found: /assets/js/ie10-viewport-bug-workaround.js
WARNING:django.request:Not Found: /posto//curva_chave.png
WARNING:django.request:Not Found: /dist/js/bootstrap.min.js
WARNING:django.request:Not Found: /assets/js/ie10-viewport-bug-workaround.js
WARNING:django.request:Not Found: /posto/11/seleciona_dados/static/js/ie-emulation-modes-warning.js
WARNING:django.request:Not Found: /posto/dist/js/bootstrap.min.js
WARNING:django.request:Not Found: /posto/assets/js/ie10-viewport-bug-workaround.js
WARNING:django.request:Not Found: /posto/dist/js/bootstrap.min.js
WARNING:django.request:Not Found: /posto/assets/js/ie10-viewport-bug-workaround.js
INFO:ecohydro.views:##########################################



12.0



##########################################
WARNING:django.request:Not Found: /posto/dist/js/bootstrap.min.js
WARNING:django.request:Not Found: /posto/11/seleciona_dados/static/js/ie-emulation-modes-warning.js
WARNING:django.request:Not Found: /posto/assets/js/ie10-viewport-bug-workaround.js
WARNING:django.request:Not Found: /posto/dist/js/bootstrap.min.js
WARNING:django.request:Not Found: /posto/assets/js/ie10-viewport-bug-workaround.js
WARNING:django.request:Not Found: /series/
WARNING:django.request:Not Found: /dist/js/bootstrap.min.js
WARNING:django.request:Not Found: /assets/js/ie10-viewport-bug-workaround.js
WARNING:django.request:Not Found: /series/
WARNING:django.request:Not Found: /dist/js/bootstrap.min.js
WARNING:django.request:Not Found: /assets/js/ie10-viewport-bug-workaround.js
WARNING:django.request:Not Found: /dist/js/bootstrap.min.js
WARNING:django.request:Not Found: /assets/js/ie10-viewport-bug-workaround.js
WARNING:django.request:Not Found: /posto/static/js/ie-emulation-modes-warning.js
WARNING:django.request:Not Found: /dist/js/bootstrap.min.js
WARNING:django.request:Not Found: /assets/js/ie10-viewport-bug-workaround.js
WARNING:django.request:Not Found: /posto//curva_chave.png
WARNING:django.request:Not Found: /posto/11/seleciona_dados/static/js/ie-emulation-modes-warning.js
WARNING:django.request:Not Found: /posto/dist/js/bootstrap.min.js
WARNING:django.request:Not Found: /posto/assets/js/ie10-viewport-bug-workaround.js
INFO:ecohydro.views:##########################################



12.0



##########################################
WARNING:django.request:Not Found: /posto/11/seleciona_dados/static/js/ie-emulation-modes-warning.js
WARNING:django.request:Not Found: /posto/dist/js/bootstrap.min.js
WARNING:django.request:Not Found: /posto/assets/js/ie10-viewport-bug-workaround.js
WARNING:django.request:Not Found: /posto/assets/js/ie10-viewport-bug-workaround.js
WARNING:django.request:Not Found: /posto/dist/js/bootstrap.min.js
WARNING:django.request:Not Found: /posto/11/seleciona_dados/static/js/ie-emulation-modes-warning.js
WARNING:django.request:Not Found: /posto/dist/js/bootstrap.min.js
WARNING:django.request:Not Found: /posto/assets/js/ie10-viewport-bug-workaround.js
WARNING:django.request:Not Found: /posto/11/seleciona_dados/static/js/ie-emulation-modes-warning.js
WARNING:django.request:Not Found: /posto/dist/js/bootstrap.min.js
WARNING:django.request:Not Found: /posto/assets/js/ie10-viewport-bug-workaround.js
WARNING:django.request:Not Found: /posto/assets/js/ie10-viewport-bug-workaround.js
WARNING:django.request:Not Found: /posto/11/seleciona_dados/static/js/ie-emulation-modes-warning.js
WARNING:django.request:Not Found: /posto/dist/js/bootstrap.min.js
WARNING:django.request:Not Found: /posto/dist/js/bootstrap.min.js
WARNING:django.request:Not Found: /posto/assets/js/ie10-viewport-bug-workaround.js
WARNING:django.request:Not Found: /dist/js/bootstrap.min.js
WARNING:django.request:Not Found: /assets/js/ie10-viewport-bug-workaround.js
WARNING:django.request:Not Found: /dist/js/bootstrap.min.js
WARNING:django.request:Not Found: /assets/js/ie10-viewport-bug-workaround.js
WARNING:django.request:Not Found: /favicon.ico
WARNING:django.request:Not Found: /posto/static/js/ie-emulation-modes-warning.js
WARNING:django.request:Not Found: /dist/js/bootstrap.min.js
WARNING:django.request:Not Found: /assets/js/ie10-viewport-bug-workaround.js
WARNING:django.request:Not Found: /posto//curva_chave.png
WARNING:django.request:Not Found: /posto/11/seleciona_dados/static/js/ie-emulation-modes-warning.js
WARNING:django.request:Not Found: /posto/dist/js/bootstrap.min.js
WARNING:django.request:Not Found: /posto/assets/js/ie10-viewport-bug-workaround.js
WARNING:django.request:Not Found: /posto/favicon.ico
WARNING:django.request:Not Found: /posto/11/seleciona_dados/static/js/ie-emulation-modes-warning.js
WARNING:django.request:Not Found: /posto/assets/js/ie10-viewport-bug-workaround.js
WARNING:django.request:Not Found: /posto/dist/js/bootstrap.min.js
WARNING:django.request:Not Found: /posto/dist/js/bootstrap.min.js
WARNING:django.request:Not Found: /posto/assets/js/ie10-viewport-bug-workaround.js
WARNING:django.request:Not Found: /posto/11/seleciona_dados/static/js/ie-emulation-modes-warning.js
WARNING:django.request:Not Found: /posto/dist/js/bootstrap.min.js
WARNING:django.request:Not Found: /posto/assets/js/ie10-viewport-bug-workaround.js
WARNING:django.request:Not Found: /posto/11/seleciona_dados/static/js/ie-emulation-modes-warning.js
WARNING:django.request:Not Found: /posto/dist/js/bootstrap.min.js
WARNING:django.request:Not Found: /posto/assets/js/ie10-viewport-bug-workaround.js
WARNING:django.request:Not Found: /posto/dist/js/bootstrap.min.js
WARNING:django.request:Not Found: /posto/assets/js/ie10-viewport-bug-workaround.js
WARNING:django.request:Not Found: /posto/assets/js/ie10-viewport-bug-workaround.js
WARNING:django.request:Not Found: /posto/11/seleciona_dados/static/js/ie-emulation-modes-warning.js
WARNING:django.request:Not Found: /posto/dist/js/bootstrap.min.js
WARNING:django.request:Not Found: /posto/dist/js/bootstrap.min.js
WARNING:django.request:Not Found: /posto/assets/js/ie10-viewport-bug-workaround.js
WARNING:django.request:Not Found: /posto/dist/js/bootstrap.min.js
WARNING:django.request:Not Found: /posto/11/seleciona_dados/static/js/ie-emulation-modes-warning.js
WARNING:django.request:Not Found: /posto/assets/js/ie10-viewport-bug-workaround.js
WARNING:django.request:Not Found: /posto/dist/js/bootstrap.min.js
WARNING:django.request:Not Found: /posto/assets/js/ie10-viewport-bug-workaround.js
WARNING:django.request:Not Found: /posto/11/seleciona_dados/static/js/ie-emulation-modes-warning.js
WARNING:django.request:Not Found: /posto/assets/js/ie10-viewport-bug-workaround.js
WARNING:django.request:Not Found: /posto/dist/js/bootstrap.min.js
WARNING:django.request:Not Found: /posto/assets/js/ie10-viewport-bug-workaround.js
WARNING:django.request:Not Found: /posto/11/seleciona_dados/static/js/ie-emulation-modes-warning.js
WARNING:django.request:Not Found: /posto/dist/js/bootstrap.min.js
WARNING:django.request:Not Found: /posto/assets/js/ie10-viewport-bug-workaround.js
WARNING:django.request:Not Found: /posto/dist/js/bootstrap.min.js
WARNING:django.request:Not Found: /posto/assets/js/ie10-viewport-bug-workaround.js
WARNING:django.request:Not Found: /posto/11/seleciona_dados/static/js/ie-emulation-modes-warning.js
WARNING:django.request:Not Found: /posto/dist/js/bootstrap.min.js
WARNING:django.request:Not Found: /posto/assets/js/ie10-viewport-bug-workaround.js
WARNING:django.request:Not Found: /posto/dist/js/bootstrap.min.js
WARNING:django.request:Not Found: /posto/assets/js/ie10-viewport-bug-workaround.js
WARNING:django.request:Not Found: /posto/11/seleciona_dados/static/js/ie-emulation-modes-warning.js
WARNING:django.request:Not Found: /posto/dist/js/bootstrap.min.js
WARNING:django.request:Not Found: /posto/assets/js/ie10-viewport-bug-workaround.js
WARNING:django.request:Not Found: /posto/11/seleciona_dados/static/js/ie-emulation-modes-warning.js
WARNING:django.request:Not Found: /posto/dist/js/bootstrap.min.js
WARNING:django.request:Not Found: /posto/assets/js/ie10-viewport-bug-workaround.js
WARNING:django.request:Not Found: /posto/dist/js/bootstrap.min.js
WARNING:django.request:Not Found: /posto/assets/js/ie10-viewport-bug-workaround.js
WARNING:django.request:Not Found: /posto/11/seleciona_dados/static/js/ie-emulation-modes-warning.js
WARNING:django.request:Not Found: /posto/dist/js/bootstrap.min.js
WARNING:django.request:Not Found: /posto/assets/js/ie10-viewport-bug-workaround.js
WARNING:django.request:Not Found: /posto/dist/js/bootstrap.min.js
WARNING:django.request:Not Found: /posto/assets/js/ie10-viewport-bug-workaround.js
WARNING:django.request:Not Found: /posto/11/seleciona_dados/static/js/ie-emulation-modes-warning.js
WARNING:django.request:Not Found: /posto/dist/js/bootstrap.min.js
WARNING:django.request:Not Found: /posto/assets/js/ie10-viewport-bug-workaround.js
WARNING:django.request:Not Found: /posto/dist/js/bootstrap.min.js
WARNING:django.request:Not Found: /posto/assets/js/ie10-viewport-bug-workaround.js
WARNING:django.request:Not Found: /posto/11/seleciona_dados/static/js/ie-emulation-modes-warning.js
WARNING:django.request:Not Found: /posto/dist/js/bootstrap.min.js
WARNING:django.request:Not Found: /posto/assets/js/ie10-viewport-bug-workaround.js
WARNING:django.request:Not Found: /posto/11/seleciona_dados/static/js/ie-emulation-modes-warning.js
WARNING:django.request:Not Found: /posto/dist/js/bootstrap.min.js
WARNING:django.request:Not Found: /posto/assets/js/ie10-viewport-bug-workaround.js
WARNING:django.request:Not Found: /posto/dist/js/bootstrap.min.js
WARNING:django.request:Not Found: /posto/assets/js/ie10-viewport-bug-workaround.js
WARNING:django.request:Not Found: /posto/11/seleciona_dados/static/js/ie-emulation-modes-warning.js
WARNING:django.request:Not Found: /posto/dist/js/bootstrap.min.js
WARNING:django.request:Not Found: /posto/assets/js/ie10-viewport-bug-workaround.js
WARNING:django.request:Not Found: /posto/dist/js/bootstrap.min.js
WARNING:django.request:Not Found: /posto/assets/js/ie10-viewport-bug-workaround.js
ERROR:django.request:Internal Server Error: /posto/11/seleciona_dados/
Traceback (most recent call last):
  File "C:\Python36\lib\site-packages\django\core\handlers\exception.py", line 39, in inner
    response = get_response(request)
  File "C:\Python36\lib\site-packages\django\core\handlers\base.py", line 187, in _get_response
    response = self.process_exception_by_middleware(e, request)
  File "C:\Python36\lib\site-packages\django\core\handlers\base.py", line 185, in _get_response
    response = wrapped_callback(request, *callback_args, **callback_kwargs)
  File "C:\Projetos\hidrocomp\ecohydro\views.py", line 94, in seleciona_dados_posto
    print(gp.groups())
TypeError: 'dict' object is not callable
WARNING:django.request:Not Found: /posto/11/seleciona_dados/static/js/ie-emulation-modes-warning.js
WARNING:django.request:Not Found: /posto/assets/js/ie10-viewport-bug-workaround.js
WARNING:django.request:Not Found: /posto/dist/js/bootstrap.min.js
WARNING:django.request:Not Found: /posto/assets/js/ie10-viewport-bug-workaround.js
WARNING:django.request:Not Found: /posto/11/seleciona_dados/static/js/ie-emulation-modes-warning.js
WARNING:django.request:Not Found: /posto/dist/js/bootstrap.min.js
WARNING:django.request:Not Found: /posto/assets/js/ie10-viewport-bug-workaround.js
WARNING:django.request:Not Found: /posto/11/seleciona_dados/static/js/ie-emulation-modes-warning.js
WARNING:django.request:Not Found: /posto/dist/js/bootstrap.min.js
WARNING:django.request:Not Found: /posto/assets/js/ie10-viewport-bug-workaround.js
WARNING:django.request:Not Found: /posto/dist/js/bootstrap.min.js
WARNING:django.request:Not Found: /posto/assets/js/ie10-viewport-bug-workaround.js
WARNING:django.request:Not Found: /posto/11/seleciona_dados/static/js/ie-emulation-modes-warning.js
WARNING:django.request:Not Found: /posto/dist/js/bootstrap.min.js
WARNING:django.request:Not Found: /posto/assets/js/ie10-viewport-bug-workaround.js
WARNING:django.request:Not Found: /posto/11/seleciona_dados/static/js/ie-emulation-modes-warning.js
WARNING:django.request:Not Found: /posto/assets/js/ie10-viewport-bug-workaround.js
WARNING:django.request:Not Found: /posto/dist/js/bootstrap.min.js
WARNING:django.request:Not Found: /posto/dist/js/bootstrap.min.js
WARNING:django.request:Not Found: /posto/assets/js/ie10-viewport-bug-workaround.js
WARNING:django.request:Not Found: /posto/11/seleciona_dados/static/js/ie-emulation-modes-warning.js
WARNING:django.request:Not Found: /posto/dist/js/bootstrap.min.js
WARNING:django.request:Not Found: /posto/assets/js/ie10-viewport-bug-workaround.js
WARNING:django.request:Not Found: /posto/dist/js/bootstrap.min.js
WARNING:django.request:Not Found: /posto/assets/js/ie10-viewport-bug-workaround.js
WARNING:django.request:Not Found: /posto/11/seleciona_dados/static/js/ie-emulation-modes-warning.js
WARNING:django.request:Not Found: /posto/dist/js/bootstrap.min.js
WARNING:django.request:Not Found: /posto/assets/js/ie10-viewport-bug-workaround.js
WARNING:django.request:Not Found: /posto/dist/js/bootstrap.min.js
WARNING:django.request:Not Found: /posto/assets/js/ie10-viewport-bug-workaround.js
WARNING:django.request:Not Found: /posto/dist/js/bootstrap.min.js
WARNING:django.request:Not Found: /posto/11/seleciona_dados/static/js/ie-emulation-modes-warning.js
WARNING:django.request:Not Found: /posto/assets/js/ie10-viewport-bug-workaround.js
WARNING:django.request:Not Found: /posto/dist/js/bootstrap.min.js
WARNING:django.request:Not Found: /posto/assets/js/ie10-viewport-bug-workaround.js
WARNING:django.request:Not Found: /posto/11/seleciona_dados/static/js/ie-emulation-modes-warning.js
WARNING:django.request:Not Found: /posto/assets/js/ie10-viewport-bug-workaround.js
WARNING:django.request:Not Found: /posto/dist/js/bootstrap.min.js
WARNING:django.request:Not Found: /posto/dist/js/bootstrap.min.js
WARNING:django.request:Not Found: /posto/assets/js/ie10-viewport-bug-workaround.js
WARNING:django.request:Not Found: /posto/11/seleciona_dados/static/js/ie-emulation-modes-warning.js
WARNING:django.request:Not Found: /posto/dist/js/bootstrap.min.js
WARNING:django.request:Not Found: /posto/assets/js/ie10-viewport-bug-workaround.js
WARNING:django.request:Not Found: /posto/11/seleciona_dados/static/js/ie-emulation-modes-warning.js
WARNING:django.request:Not Found: /posto/dist/js/bootstrap.min.js
WARNING:django.request:Not Found: /posto/assets/js/ie10-viewport-bug-workaround.js
WARNING:django.request:Not Found: /posto/dist/js/bootstrap.min.js
WARNING:django.request:Not Found: /posto/assets/js/ie10-viewport-bug-workaround.js
WARNING:django.request:Not Found: /posto/dist/js/bootstrap.min.js
WARNING:django.request:Not Found: /posto/11/seleciona_dados/static/js/ie-emulation-modes-warning.js
WARNING:django.request:Not Found: /posto/assets/js/ie10-viewport-bug-workaround.js
WARNING:django.request:Not Found: /posto/dist/js/bootstrap.min.js
WARNING:django.request:Not Found: /posto/assets/js/ie10-viewport-bug-workaround.js
WARNING:django.request:Not Found: /posto/dist/js/bootstrap.min.js
WARNING:django.request:Not Found: /posto/11/seleciona_dados/static/js/ie-emulation-modes-warning.js
WARNING:django.request:Not Found: /posto/assets/js/ie10-viewport-bug-workaround.js
WARNING:django.request:Not Found: /posto/dist/js/bootstrap.min.js
WARNING:django.request:Not Found: /posto/assets/js/ie10-viewport-bug-workaround.js
WARNING:django.request:Not Found: /posto/11/seleciona_dados/static/js/ie-emulation-modes-warning.js
WARNING:django.request:Not Found: /posto/dist/js/bootstrap.min.js
WARNING:django.request:Not Found: /posto/assets/js/ie10-viewport-bug-workaround.js
WARNING:django.request:Not Found: /posto/dist/js/bootstrap.min.js
WARNING:django.request:Not Found: /posto/assets/js/ie10-viewport-bug-workaround.js
WARNING:django.request:Not Found: /posto/11/seleciona_dados/static/js/ie-emulation-modes-warning.js
WARNING:django.request:Not Found: /posto/dist/js/bootstrap.min.js
WARNING:django.request:Not Found: /posto/assets/js/ie10-viewport-bug-workaround.js
WARNING:django.request:Not Found: /posto/dist/js/bootstrap.min.js
WARNING:django.request:Not Found: /posto/assets/js/ie10-viewport-bug-workaround.js
WARNING:django.request:Not Found: /posto/11/seleciona_dados/static/js/ie-emulation-modes-warning.js
WARNING:django.request:Not Found: /posto/dist/js/bootstrap.min.js
WARNING:django.request:Not Found: /posto/assets/js/ie10-viewport-bug-workaround.js
WARNING:django.request:Not Found: /posto/11/seleciona_dados/static/js/ie-emulation-modes-warning.js
WARNING:django.request:Not Found: /posto/dist/js/bootstrap.min.js
WARNING:django.request:Not Found: /posto/assets/js/ie10-viewport-bug-workaround.js
WARNING:django.request:Not Found: /posto/assets/js/ie10-viewport-bug-workaround.js
WARNING:django.request:Not Found: /posto/dist/js/bootstrap.min.js
WARNING:django.request:Not Found: /posto/11/seleciona_dados/static/js/ie-emulation-modes-warning.js
WARNING:django.request:Not Found: /posto/assets/js/ie10-viewport-bug-workaround.js
WARNING:django.request:Not Found: /posto/11/seleciona_dados/static/js/ie-emulation-modes-warning.js
WARNING:django.request:Not Found: /posto/dist/js/bootstrap.min.js
WARNING:django.request:Not Found: /posto/assets/js/ie10-viewport-bug-workaround.js
WARNING:django.request:Not Found: /posto/dist/js/bootstrap.min.js
WARNING:django.request:Not Found: /posto/assets/js/ie10-viewport-bug-workaround.js
ERROR:django.request:Internal Server Error: /posto/11/seleciona_dados/
Traceback (most recent call last):
  File "C:\Python36\lib\site-packages\django\core\handlers\exception.py", line 39, in inner
    response = get_response(request)
  File "C:\Python36\lib\site-packages\django\core\handlers\base.py", line 187, in _get_response
    response = self.process_exception_by_middleware(e, request)
  File "C:\Python36\lib\site-packages\django\core\handlers\base.py", line 185, in _get_response
    response = wrapped_callback(request, *callback_args, **callback_kwargs)
  File "C:\Projetos\hidrocomp\ecohydro\views.py", line 101, in seleciona_dados_posto
    serie = pd.DataFrame({'dados':list(anos_hidrologicos.values())},index=list(anos_hidrologicos.keys()))
NameError: name 'anos_hidrologicos' is not defined
WARNING:django.request:Not Found: /posto/11/seleciona_dados/static/js/ie-emulation-modes-warning.js
WARNING:django.request:Not Found: /posto/assets/js/ie10-viewport-bug-workaround.js
WARNING:django.request:Not Found: /posto/dist/js/bootstrap.min.js
WARNING:django.request:Not Found: /posto/dist/js/bootstrap.min.js
WARNING:django.request:Not Found: /posto/assets/js/ie10-viewport-bug-workaround.js
WARNING:django.request:Not Found: /posto/11/seleciona_dados/static/js/ie-emulation-modes-warning.js
WARNING:django.request:Not Found: /posto/dist/js/bootstrap.min.js
WARNING:django.request:Not Found: /posto/assets/js/ie10-viewport-bug-workaround.js
WARNING:django.request:Not Found: /posto/11/seleciona_dados/static/js/ie-emulation-modes-warning.js
WARNING:django.request:Not Found: /posto/assets/js/ie10-viewport-bug-workaround.js
WARNING:django.request:Not Found: /posto/dist/js/bootstrap.min.js
WARNING:django.request:Not Found: /posto/11/seleciona_dados/static/js/ie-emulation-modes-warning.js
WARNING:django.request:Not Found: /posto/dist/js/bootstrap.min.js
WARNING:django.request:Not Found: /posto/assets/js/ie10-viewport-bug-workaround.js
WARNING:django.request:Not Found: /posto/dist/js/bootstrap.min.js
WARNING:django.request:Not Found: /posto/assets/js/ie10-viewport-bug-workaround.js
WARNING:django.request:Not Found: /posto/11/seleciona_dados/static/js/ie-emulation-modes-warning.js
WARNING:django.request:Not Found: /posto/dist/js/bootstrap.min.js
WARNING:django.request:Not Found: /posto/assets/js/ie10-viewport-bug-workaround.js
WARNING:django.request:Not Found: /posto/dist/js/bootstrap.min.js
WARNING:django.request:Not Found: /posto/assets/js/ie10-viewport-bug-workaround.js
WARNING:django.request:Not Found: /posto/dist/js/bootstrap.min.js
WARNING:django.request:Not Found: /posto/11/seleciona_dados/static/js/ie-emulation-modes-warning.js
WARNING:django.request:Not Found: /posto/assets/js/ie10-viewport-bug-workaround.js
WARNING:django.request:Not Found: /posto/dist/js/bootstrap.min.js
WARNING:django.request:Not Found: /posto/assets/js/ie10-viewport-bug-workaround.js
WARNING:django.request:Not Found: /posto/dist/js/bootstrap.min.js
WARNING:django.request:Not Found: /posto/assets/js/ie10-viewport-bug-workaround.js
WARNING:django.request:Not Found: /posto/11/seleciona_dados/static/js/ie-emulation-modes-warning.js
WARNING:django.request:Not Found: /posto/dist/js/bootstrap.min.js
WARNING:django.request:Not Found: /posto/assets/js/ie10-viewport-bug-workaround.js
WARNING:django.request:Not Found: /posto/11/seleciona_dados/static/js/ie-emulation-modes-warning.js
WARNING:django.request:Not Found: /posto/dist/js/bootstrap.min.js
WARNING:django.request:Not Found: /posto/assets/js/ie10-viewport-bug-workaround.js
WARNING:django.request:Not Found: /posto/11/seleciona_dados/static/js/ie-emulation-modes-warning.js
WARNING:django.request:Not Found: /posto/dist/js/bootstrap.min.js
WARNING:django.request:Not Found: /posto/assets/js/ie10-viewport-bug-workaround.js
WARNING:django.request:Not Found: /posto/dist/js/bootstrap.min.js
WARNING:django.request:Not Found: /posto/assets/js/ie10-viewport-bug-workaround.js
ERROR:django.request:Internal Server Error: /posto/11/seleciona_dados/
Traceback (most recent call last):
  File "C:\Python36\lib\site-packages\django\core\handlers\exception.py", line 39, in inner
    response = get_response(request)
  File "C:\Python36\lib\site-packages\django\core\handlers\base.py", line 187, in _get_response
    response = self.process_exception_by_middleware(e, request)
  File "C:\Python36\lib\site-packages\django\core\handlers\base.py", line 185, in _get_response
    response = wrapped_callback(request, *callback_args, **callback_kwargs)
  File "C:\Projetos\hidrocomp\ecohydro\views.py", line 101, in seleciona_dados_posto
    medias_moveis = {key:pd.rolling_mean(anos_hidrologicos[key].max(), window=30, center=False) for key in anos_hidrologicos.keys()}
  File "C:\Projetos\hidrocomp\ecohydro\views.py", line 101, in <dictcomp>
    medias_moveis = {key:pd.rolling_mean(anos_hidrologicos[key].max(), window=30, center=False) for key in anos_hidrologicos.keys()}
  File "C:\Python36\lib\site-packages\pandas\stats\moments.py", line 476, in f
    **kwargs)
  File "C:\Python36\lib\site-packages\pandas\stats\moments.py", line 216, in ensure_compat
    r = getattr(arg, dispatch)(**kwargs)
AttributeError: 'numpy.float64' object has no attribute 'rolling'
WARNING:django.request:Not Found: /posto/assets/js/ie10-viewport-bug-workaround.js
WARNING:django.request:Not Found: /posto/dist/js/bootstrap.min.js
WARNING:django.request:Not Found: /posto/11/seleciona_dados/static/js/ie-emulation-modes-warning.js
WARNING:django.request:Not Found: /posto/dist/js/bootstrap.min.js
WARNING:django.request:Not Found: /posto/assets/js/ie10-viewport-bug-workaround.js
WARNING:django.request:Not Found: /posto/11/seleciona_dados/static/js/ie-emulation-modes-warning.js
WARNING:django.request:Not Found: /posto/dist/js/bootstrap.min.js
WARNING:django.request:Not Found: /posto/assets/js/ie10-viewport-bug-workaround.js
WARNING:django.request:Not Found: /posto/dist/js/bootstrap.min.js
WARNING:django.request:Not Found: /posto/assets/js/ie10-viewport-bug-workaround.js
WARNING:django.request:Not Found: /posto/11/seleciona_dados/static/js/ie-emulation-modes-warning.js
WARNING:django.request:Not Found: /posto/dist/js/bootstrap.min.js
WARNING:django.request:Not Found: /posto/assets/js/ie10-viewport-bug-workaround.js
WARNING:django.request:Not Found: /posto/11/seleciona_dados/static/js/ie-emulation-modes-warning.js
WARNING:django.request:Not Found: /posto/dist/js/bootstrap.min.js
WARNING:django.request:Not Found: /posto/assets/js/ie10-viewport-bug-workaround.js
